2014-08-08T09:24:55.413+0200 Trying to start Windows service 'MongoDB'
2014-08-08T09:24:55.413+0200 Service running
2014-08-08T09:24:55.413+0200 [initandlisten] MongoDB starting : pid=1748 port=27017 dbpath=c:\workspace\code_learnings\data\db 64-bit host=MAKA-PC
2014-08-08T09:24:55.445+0200 [initandlisten] targetMinOS: Windows 7/Windows Server 2008 R2
2014-08-08T09:24:55.445+0200 [initandlisten] db version v2.6.3
2014-08-08T09:24:55.445+0200 [initandlisten] git version: 255f67a66f9603c59380b2a389e386910bbb52cb
2014-08-08T09:24:55.445+0200 [initandlisten] build info: windows sys.getwindowsversion(major=6, minor=1, build=7601, platform=2, service_pack='Service Pack 1') BOOST_LIB_VERSION=1_49
2014-08-08T09:24:55.445+0200 [initandlisten] allocator: system
2014-08-08T09:24:55.460+0200 [initandlisten] options: { config: "C:\MongoDB\mongod.cfg", service: true, storage: { dbPath: "c:\workspace\code_learnings\data\db" }, systemLog: { destination: "file", path: "c:\workspace\code_learnings\data\logs\mongod.log" } }
2014-08-08T09:24:55.944+0200 [initandlisten] journal dir=c:\workspace\code_learnings\data\db\journal
2014-08-08T09:24:55.959+0200 [initandlisten] recover begin
2014-08-08T09:24:55.959+0200 [initandlisten] info no lsn file in journal/ directory
2014-08-08T09:24:55.959+0200 [initandlisten] recover lsn: 0
2014-08-08T09:24:55.959+0200 [initandlisten] recover c:\workspace\code_learnings\data\db\journal\j._0
2014-08-08T09:24:56.755+0200 [initandlisten] recover cleaning up
2014-08-08T09:24:56.755+0200 [initandlisten] removeJournalFiles
2014-08-08T09:24:56.755+0200 [initandlisten] recover done
2014-08-08T09:24:58.487+0200 [initandlisten] preallocateIsFaster=true 3.62
2014-08-08T09:25:12.433+0200 [initandlisten] command local.$cmd command: create { create: "startup_log", size: 10485760, capped: true } ntoreturn:1 keyUpdates:0 numYields:0  reslen:75 109ms
2014-08-08T09:25:12.480+0200 [initandlisten] waiting for connections on port 27017
2014-08-08T09:26:01.121+0200 [clientcursormon] mem (MB) res:39 virt:289
2014-08-08T09:26:01.121+0200 [clientcursormon]  mapped (incl journal view):160
2014-08-08T09:26:01.121+0200 [clientcursormon]  connections:0
2014-08-08T09:31:01.590+0200 [clientcursormon] mem (MB) res:39 virt:287
2014-08-08T09:31:01.590+0200 [clientcursormon]  mapped (incl journal view):160
2014-08-08T09:31:01.590+0200 [clientcursormon]  connections:0
2014-08-08T09:36:01.610+0200 [clientcursormon] mem (MB) res:6 virt:287
2014-08-08T09:36:01.610+0200 [clientcursormon]  mapped (incl journal view):160
2014-08-08T09:36:01.610+0200 [clientcursormon]  connections:0
2014-08-08T09:41:01.675+0200 [clientcursormon] mem (MB) res:6 virt:287
2014-08-08T09:41:01.675+0200 [clientcursormon]  mapped (incl journal view):160
2014-08-08T09:41:01.675+0200 [clientcursormon]  connections:0
2014-08-08T09:46:01.697+0200 [clientcursormon] mem (MB) res:6 virt:287
2014-08-08T09:46:01.697+0200 [clientcursormon]  mapped (incl journal view):160
2014-08-08T09:46:01.715+0200 [clientcursormon]  connections:0
2014-08-08T09:51:01.733+0200 [clientcursormon] mem (MB) res:6 virt:287
2014-08-08T09:51:01.734+0200 [clientcursormon]  mapped (incl journal view):160
2014-08-08T09:51:01.734+0200 [clientcursormon]  connections:0
2014-08-08T09:56:01.753+0200 [clientcursormon] mem (MB) res:6 virt:287
2014-08-08T09:56:01.753+0200 [clientcursormon]  mapped (incl journal view):160
2014-08-08T09:56:01.753+0200 [clientcursormon]  connections:0
2014-08-08T10:01:01.883+0200 [clientcursormon] mem (MB) res:6 virt:287
2014-08-08T10:01:01.883+0200 [clientcursormon]  mapped (incl journal view):160
2014-08-08T10:01:01.883+0200 [clientcursormon]  connections:0
2014-08-08T10:06:01.962+0200 [clientcursormon] mem (MB) res:6 virt:287
2014-08-08T10:06:01.962+0200 [clientcursormon]  mapped (incl journal view):160
2014-08-08T10:06:01.962+0200 [clientcursormon]  connections:0
2014-08-08T10:11:02.653+0200 [clientcursormon] mem (MB) res:6 virt:287
2014-08-08T10:11:02.653+0200 [clientcursormon]  mapped (incl journal view):160
2014-08-08T10:11:02.653+0200 [clientcursormon]  connections:0
2014-08-08T10:16:03.538+0200 [clientcursormon] mem (MB) res:6 virt:287
2014-08-08T10:16:03.538+0200 [clientcursormon]  mapped (incl journal view):160
2014-08-08T10:16:03.538+0200 [clientcursormon]  connections:0
2014-08-08T10:21:04.098+0200 [clientcursormon] mem (MB) res:6 virt:287
2014-08-08T10:21:04.098+0200 [clientcursormon]  mapped (incl journal view):160
2014-08-08T10:21:04.098+0200 [clientcursormon]  connections:0
2014-08-08T10:26:04.115+0200 [clientcursormon] mem (MB) res:6 virt:287
2014-08-08T10:26:04.115+0200 [clientcursormon]  mapped (incl journal view):160
2014-08-08T10:26:04.126+0200 [clientcursormon]  connections:0
2014-08-08T10:31:04.143+0200 [clientcursormon] mem (MB) res:6 virt:287
2014-08-08T10:31:04.143+0200 [clientcursormon]  mapped (incl journal view):160
2014-08-08T10:31:04.143+0200 [clientcursormon]  connections:0
2014-08-08T10:36:04.160+0200 [clientcursormon] mem (MB) res:6 virt:287
2014-08-08T10:36:04.160+0200 [clientcursormon]  mapped (incl journal view):160
2014-08-08T10:36:04.160+0200 [clientcursormon]  connections:0
2014-08-08T10:41:04.178+0200 [clientcursormon] mem (MB) res:6 virt:287
2014-08-08T10:41:04.190+0200 [clientcursormon]  mapped (incl journal view):160
2014-08-08T10:41:04.190+0200 [clientcursormon]  connections:0
2014-08-08T10:46:04.207+0200 [clientcursormon] mem (MB) res:6 virt:287
2014-08-08T10:46:04.207+0200 [clientcursormon]  mapped (incl journal view):160
2014-08-08T10:46:04.207+0200 [clientcursormon]  connections:0
2014-08-08T10:51:04.252+0200 [clientcursormon] mem (MB) res:6 virt:287
2014-08-08T10:51:04.252+0200 [clientcursormon]  mapped (incl journal view):160
2014-08-08T10:51:04.252+0200 [clientcursormon]  connections:0
2014-08-08T10:56:04.285+0200 [clientcursormon] mem (MB) res:6 virt:287
2014-08-08T10:56:04.285+0200 [clientcursormon]  mapped (incl journal view):160
2014-08-08T10:56:04.285+0200 [clientcursormon]  connections:0
2014-08-08T11:01:04.304+0200 [clientcursormon] mem (MB) res:6 virt:287
2014-08-08T11:01:04.304+0200 [clientcursormon]  mapped (incl journal view):160
2014-08-08T11:01:04.304+0200 [clientcursormon]  connections:0
2014-08-08T11:06:04.321+0200 [clientcursormon] mem (MB) res:6 virt:287
2014-08-08T11:06:04.321+0200 [clientcursormon]  mapped (incl journal view):160
2014-08-08T11:06:04.338+0200 [clientcursormon]  connections:0
2014-08-08T11:11:04.356+0200 [clientcursormon] mem (MB) res:6 virt:287
2014-08-08T11:11:04.356+0200 [clientcursormon]  mapped (incl journal view):160
2014-08-08T11:11:04.356+0200 [clientcursormon]  connections:0
2014-08-08T11:16:04.373+0200 [clientcursormon] mem (MB) res:5 virt:287
2014-08-08T11:16:04.373+0200 [clientcursormon]  mapped (incl journal view):160
2014-08-08T11:16:04.373+0200 [clientcursormon]  connections:0
2014-08-08T11:21:04.399+0200 [clientcursormon] mem (MB) res:5 virt:287
2014-08-08T11:21:04.418+0200 [clientcursormon]  mapped (incl journal view):160
2014-08-08T11:21:04.418+0200 [clientcursormon]  connections:0
2014-08-08T11:26:04.435+0200 [clientcursormon] mem (MB) res:5 virt:287
2014-08-08T11:26:04.435+0200 [clientcursormon]  mapped (incl journal view):160
2014-08-08T11:26:04.435+0200 [clientcursormon]  connections:0
2014-08-08T11:31:04.453+0200 [clientcursormon] mem (MB) res:5 virt:287
2014-08-08T11:31:04.453+0200 [clientcursormon]  mapped (incl journal view):160
2014-08-08T11:31:04.453+0200 [clientcursormon]  connections:0
2014-08-08T11:36:04.480+0200 [clientcursormon] mem (MB) res:5 virt:287
2014-08-08T11:36:04.480+0200 [clientcursormon]  mapped (incl journal view):160
2014-08-08T11:36:04.480+0200 [clientcursormon]  connections:0
2014-08-08T11:41:04.497+0200 [clientcursormon] mem (MB) res:2 virt:287
2014-08-08T11:41:04.497+0200 [clientcursormon]  mapped (incl journal view):160
2014-08-08T11:41:04.497+0200 [clientcursormon]  connections:0
2014-08-08T11:46:04.514+0200 [clientcursormon] mem (MB) res:2 virt:287
2014-08-08T11:46:04.514+0200 [clientcursormon]  mapped (incl journal view):160
2014-08-08T11:46:04.525+0200 [clientcursormon]  connections:0
2014-08-08T11:51:04.542+0200 [clientcursormon] mem (MB) res:2 virt:287
2014-08-08T11:51:04.542+0200 [clientcursormon]  mapped (incl journal view):160
2014-08-08T11:51:04.542+0200 [clientcursormon]  connections:0
2014-08-08T11:56:04.559+0200 [clientcursormon] mem (MB) res:2 virt:287
2014-08-08T11:56:04.559+0200 [clientcursormon]  mapped (incl journal view):160
2014-08-08T11:56:04.559+0200 [clientcursormon]  connections:0
2014-08-08T12:01:04.577+0200 [clientcursormon] mem (MB) res:3 virt:287
2014-08-08T12:01:04.589+0200 [clientcursormon]  mapped (incl journal view):160
2014-08-08T12:01:04.589+0200 [clientcursormon]  connections:0
2014-08-08T12:06:04.606+0200 [clientcursormon] mem (MB) res:2 virt:287
2014-08-08T12:06:15.366+0200 [clientcursormon]  mapped (incl journal view):160
2014-08-08T12:06:15.366+0200 [clientcursormon]  connections:0
2014-08-08T12:11:15.383+0200 [clientcursormon] mem (MB) res:2 virt:287
2014-08-08T12:11:15.383+0200 [clientcursormon]  mapped (incl journal view):160
2014-08-08T12:11:15.383+0200 [clientcursormon]  connections:0
2014-08-08T12:14:14.712+0200 [serviceShutdown] got SERVICE_CONTROL_STOP request from Windows Service Control Manager, will terminate after current cmd ends
2014-08-08T12:14:14.796+0200 [serviceShutdown] now exiting
2014-08-08T12:14:14.796+0200 [serviceShutdown] dbexit: 
2014-08-08T12:14:14.796+0200 [serviceShutdown] shutdown: going to close listening sockets...
2014-08-08T12:14:14.814+0200 [serviceShutdown] closing listening socket: 544
2014-08-08T12:14:14.880+0200 [serviceShutdown] shutdown: going to flush diaglog...
2014-08-08T12:14:14.880+0200 [serviceShutdown] shutdown: going to close sockets...
2014-08-08T12:14:14.925+0200 [serviceShutdown] shutdown: waiting for fs preallocator...
2014-08-08T12:14:14.934+0200 [serviceShutdown] shutdown: lock for final commit...
2014-08-08T12:14:14.934+0200 [serviceShutdown] shutdown: final commit...
2014-08-08T12:14:15.027+0200 [serviceShutdown] shutdown: closing all files...
2014-08-08T12:14:15.082+0200 [serviceShutdown] closeAllFiles() finished
2014-08-08T12:14:15.082+0200 [serviceShutdown] journalCleanup...
2014-08-08T12:14:15.114+0200 [serviceShutdown] removeJournalFiles
2014-08-08T12:14:15.299+0200 [serviceShutdown] shutdown: removing fs lock...
2014-08-08T12:14:15.306+0200 [initandlisten] now exiting
2014-08-08T12:14:15.306+0200 [initandlisten] dbexit: ; exiting immediately
